Build started 5/6/2014 7:16:57 PM.
     1>Project "C:\workspace\ManchesterUrgencySystem\MachesterTeste\MachesterTeste.vcxproj" on node 2 (Build target(s)).
     1>ClCompile:
         C:\Program Files (x86)\Microsoft Visual Studio 11.0\VC\bin\CL.exe /c /ZI /nologo /W3 /WX- /Od /Oy- /D WIN32 /D _DEBUG /D _WINDOWS /D _UNICODE /D UNICODE /Gm /EHsc /RTC1 /MDd /GS /fp:precise /Zc:wchar_t /Zc:forScope /Fo"Debug\\" /Fd"Debug\vc110.pdb" /Gd /TP /analyze- /errorReport:prompt ..\List\ListPatient.cpp
         ListPatient.cpp
       Link:
         C:\Program Files (x86)\Microsoft Visual Studio 11.0\VC\bin\link.exe /ERRORREPORT:PROMPT /OUT:"C:\Users\mmonte\Documents\Visual Studio 2012\Projects\Manchester Code Urgency Classification\Debug\MachesterTeste.exe" /INCREMENTAL /NOLOGO kernel32.lib user32.lib gdi32.lib winspool.lib comdlg32.lib advapi32.lib shell32.lib ole32.lib oleaut32.lib uuid.lib odbc32.lib odbccp32.lib /MANIFEST /MANIFESTUAC:"level='asInvoker' uiAccess='false'" /manifest:embed /DEBUG /PDB:"C:\Users\mmonte\Documents\Visual Studio 2012\Projects\Manchester Code Urgency Classification\Debug\MachesterTeste.pdb" /SUBSYSTEM:WINDOWS /TLBID:1 /DYNAMICBASE /NXCOMPAT /IMPLIB:"C:\Users\mmonte\Documents\Visual Studio 2012\Projects\Manchester Code Urgency Classification\Debug\MachesterTeste.lib" /MACHINE:X86 Debug\ListPatient.obj
     1>MSVCRTD.lib(crtexew.obj) : error LNK2019: unresolved external symbol _WinMain@16 referenced in function ___tmainCRTStartup
     1>C:\Users\mmonte\Documents\Visual Studio 2012\Projects\Manchester Code Urgency Classification\Debug\MachesterTeste.exe : fatal error LNK1120: 1 unresolved externals
     1>Done Building Project "C:\workspace\ManchesterUrgencySystem\MachesterTeste\MachesterTeste.vcxproj" (Build target(s)) -- FAILED.

Build FAILED.

Time Elapsed 00:00:04.07
